<?xml version="1.0" encoding="UTF-8"?>
<testng-results ignored="0" total="3" passed="3" failed="0" skipped="0">
  <reporter-output>
  </reporter-output>
  <suite started-at="2023-10-14T22:57:05 IST" name="Suite" finished-at="2023-10-14T22:57:26 IST" duration-ms="21506">
    <groups>
    </groups>
    <test started-at="2023-10-14T22:57:05 IST" name="Test" finished-at="2023-10-14T22:57:26 IST" duration-ms="21506">
      <class name="Sample.TestClass">
        <test-method is-config="true" signature="setup()[pri:0, instance:Sample.TestClass@663c9e7a]" started-at="2023-10-14T22:57:05 IST" name="setup" finished-at="2023-10-14T22:57:13 IST" duration-ms="8756" status="PASS">
          <reporter-output>
          </reporter-output>
        </test-method> <!-- setup -->
        <test-method signature="test1()[pri:0, instance:Sample.TestClass@663c9e7a]" started-at="2023-10-14T22:57:13 IST" name="test1" finished-at="2023-10-14T22:57:13 IST" duration-ms="27" status="PASS">
          <reporter-output>
          </reporter-output>
        </test-method> <!-- test1 -->
        <test-method is-config="true" signature="tearDown()[pri:0, instance:Sample.TestClass@663c9e7a]" started-at="2023-10-14T22:57:13 IST" name="tearDown" finished-at="2023-10-14T22:57:14 IST" duration-ms="405" status="PASS">
          <reporter-output>
          </reporter-output>
        </test-method> <!-- tearDown -->
        <test-method is-config="true" signature="setup()[pri:0, instance:Sample.TestClass@663c9e7a]" started-at="2023-10-14T22:57:14 IST" name="setup" finished-at="2023-10-14T22:57:19 IST" duration-ms="5572" status="PASS">
          <reporter-output>
          </reporter-output>
        </test-method> <!-- setup -->
        <test-method signature="test2()[pri:0, instance:Sample.TestClass@663c9e7a]" started-at="2023-10-14T22:57:19 IST" name="test2" finished-at="2023-10-14T22:57:19 IST" duration-ms="9" status="PASS">
          <reporter-output>
          </reporter-output>
        </test-method> <!-- test2 -->
        <test-method is-config="true" signature="tearDown()[pri:0, instance:Sample.TestClass@663c9e7a]" started-at="2023-10-14T22:57:19 IST" name="tearDown" finished-at="2023-10-14T22:57:20 IST" duration-ms="346" status="PASS">
          <reporter-output>
          </reporter-output>
        </test-method> <!-- tearDown -->
        <test-method is-config="true" signature="setup()[pri:0, instance:Sample.TestClass@663c9e7a]" started-at="2023-10-14T22:57:20 IST" name="setup" finished-at="2023-10-14T22:57:26 IST" duration-ms="5895" status="PASS">
          <reporter-output>
          </reporter-output>
        </test-method> <!-- setup -->
        <test-method signature="test3()[pri:0, instance:Sample.TestClass@663c9e7a]" started-at="2023-10-14T22:57:26 IST" name="test3" finished-at="2023-10-14T22:57:26 IST" duration-ms="1" status="PASS">
          <reporter-output>
          </reporter-output>
        </test-method> <!-- test3 -->
        <test-method is-config="true" signature="tearDown()[pri:0, instance:Sample.TestClass@663c9e7a]" started-at="2023-10-14T22:57:26 IST" name="tearDown" finished-at="2023-10-14T22:57:26 IST" duration-ms="377" status="PASS">
          <reporter-output>
          </reporter-output>
        </test-method> <!-- tearDown -->
      </class> <!-- Sample.TestClass -->
    </test> <!-- Test -->
  </suite> <!-- Suite -->
</testng-results>
