<?xml version="1.0" encoding="UTF-8"?>
<testng-results ignored="0" total="3" passed="3" failed="0" skipped="0">
  <reporter-output>
  </reporter-output>
  <suite started-at="2023-10-14T22:57:42 IST" name="Suite" finished-at="2023-10-14T22:58:07 IST" duration-ms="25200">
    <groups>
    </groups>
    <test started-at="2023-10-14T22:57:42 IST" name="Test" finished-at="2023-10-14T22:58:07 IST" duration-ms="25200">
      <class name="Sample.TestClass">
        <test-method is-config="true" signature="setup()[pri:0, instance:Sample.TestClass@209da20d]" started-at="2023-10-14T22:57:42 IST" name="setup" finished-at="2023-10-14T22:57:53 IST" duration-ms="11032" status="PASS">
          <reporter-output>
          </reporter-output>
        </test-method> <!-- setup -->
        <test-method signature="test1()[pri:0, instance:Sample.TestClass@209da20d]" started-at="2023-10-14T22:57:53 IST" name="test1" finished-at="2023-10-14T22:57:53 IST" duration-ms="5" status="PASS">
          <reporter-output>
          </reporter-output>
        </test-method> <!-- test1 -->
        <test-method is-config="true" signature="tearDown()[pri:0, instance:Sample.TestClass@209da20d]" started-at="2023-10-14T22:57:53 IST" name="tearDown" finished-at="2023-10-14T22:57:54 IST" duration-ms="411" status="PASS">
          <reporter-output>
          </reporter-output>
        </test-method> <!-- tearDown -->
        <test-method is-config="true" signature="setup()[pri:0, instance:Sample.TestClass@209da20d]" started-at="2023-10-14T22:57:54 IST" name="setup" finished-at="2023-10-14T22:58:01 IST" duration-ms="7070" status="PASS">
          <reporter-output>
          </reporter-output>
        </test-method> <!-- setup -->
        <test-method signature="test2()[pri:0, instance:Sample.TestClass@209da20d]" started-at="2023-10-14T22:58:01 IST" name="test2" finished-at="2023-10-14T22:58:01 IST" duration-ms="0" status="PASS">
          <reporter-output>
          </reporter-output>
        </test-method> <!-- test2 -->
        <test-method is-config="true" signature="tearDown()[pri:0, instance:Sample.TestClass@209da20d]" started-at="2023-10-14T22:58:01 IST" name="tearDown" finished-at="2023-10-14T22:58:01 IST" duration-ms="422" status="PASS">
          <reporter-output>
          </reporter-output>
        </test-method> <!-- tearDown -->
        <test-method is-config="true" signature="setup()[pri:0, instance:Sample.TestClass@209da20d]" started-at="2023-10-14T22:58:01 IST" name="setup" finished-at="2023-10-14T22:58:07 IST" duration-ms="5826" status="PASS">
          <reporter-output>
          </reporter-output>
        </test-method> <!-- setup -->
        <test-method signature="test3()[pri:0, instance:Sample.TestClass@209da20d]" started-at="2023-10-14T22:58:07 IST" name="test3" finished-at="2023-10-14T22:58:07 IST" duration-ms="1" status="PASS">
          <reporter-output>
          </reporter-output>
        </test-method> <!-- test3 -->
        <test-method is-config="true" signature="tearDown()[pri:0, instance:Sample.TestClass@209da20d]" started-at="2023-10-14T22:58:07 IST" name="tearDown" finished-at="2023-10-14T22:58:07 IST" duration-ms="334" status="PASS">
          <reporter-output>
          </reporter-output>
        </test-method> <!-- tearDown -->
      </class> <!-- Sample.TestClass -->
    </test> <!-- Test -->
  </suite> <!-- Suite -->
</testng-results>
